Added Component: Designator=D1(Diod)
Added Component: Designator=DS1(LED1)
Added Component: Designator=R1(R0805)
Added Component: Designator=R2(R0805)
Added Component: Designator=R3(R0805)
Added Component: Designator=T1(Phonix-4)
Added Component: Designator=T2(Phonix-4)
Added Component: Designator=U1(OptoCupler)
Added Pin To Net: NetName=COM Pin=D1-K
Added Pin To Net: NetName=COM Pin=T2-3
Added Net: Name=COM
Added Pin To Net: NetName=GND Pin=DS1-K
Added Pin To Net: NetName=GND Pin=T1-2
Added Pin To Net: NetName=GND Pin=T1-4
Added Pin To Net: NetName=GND Pin=U1-2
Added Pin To Net: NetName=GND Pin=U1-3
Added Net: Name=GND
Added Pin To Net: NetName=NC Pin=T2-4
Added Net: Name=NC
Added Pin To Net: NetName=NetDS1_A Pin=DS1-A
Added Pin To Net: NetName=NetDS1_A Pin=R3-1
Added Net: Name=NetDS1_A
Added Pin To Net: NetName=NetR1_1 Pin=R1-1
Added Pin To Net: NetName=NetR1_1 Pin=U1-1
Added Net: Name=NetR1_1
Added Pin To Net: NetName=NO Pin=R1-2
Added Pin To Net: NetName=NO Pin=T2-2
Added Net: Name=NO
Added Pin To Net: NetName=SN1 Pin=R2-2
Added Pin To Net: NetName=SN1 Pin=R3-2
Added Pin To Net: NetName=SN1 Pin=T1-3
Added Pin To Net: NetName=SN1 Pin=U1-4
Added Net: Name=SN1
Added Pin To Net: NetName=VDD Pin=D1-A
Added Pin To Net: NetName=VDD Pin=R2-1
Added Pin To Net: NetName=VDD Pin=T1-1
Added Net: Name=VDD
Added Class: Name=Optocoupler
Added Room: Name=Optocoupler
